<?xml version="1.0" encoding="utf-8"?><testsuites name="pytest tests"><testsuite name="pytest" errors="0" failures="0" skipped="0" tests="5" time="0.237" timestamp="2026-03-22T11:02:57.125373-05:00" hostname="RPs-PC"><testcase classname="Katas.Kata4.test_pipeline" name="test_transform_skips_empty_rows" time="0.007" /><testcase classname="Katas.Kata4.test_pipeline" name="test_transform_raises_on_bad_date_format[01-01-2020]" time="0.001" /><testcase classname="Katas.Kata4.test_pipeline" name="test_transform_raises_on_bad_date_format[20200101]" time="0.001" /><testcase classname="Katas.Kata4.test_pipeline" name="test_transform_raises_on_bad_date_format[2020/01/01]" time="0.001" /><testcase classname="Katas.Kata4.test_pipeline" name="test_load_writes_to_sqlite_and_report" time="0.023" /></testsuite></testsuites>